<?xml version="1.0" encoding="UTF-8"?>
<testsuite name="com.revature.service.CategoryServiceImplementationTest" time="0.011" tests="9" errors="0" skipped="0" failures="9">
  <properties>
[...]
</properties>
  <testcase name="com.revature.service.CategoryServiceImplementationTest.testGetCategoryById" classname="com.revature.service.CategoryServiceImplementationTest" time="0">
    <failure message="Cannot invoke &quot;com.revature.repository.CategoryRepository.findById(Object)&quot; because &quot;this.categoryRepository&quot; is null" type="java.lang.NullPointerException">java.lang.NullPointerException: Cannot invoke "com.revature.repository.CategoryRepository.findById(Object)" because "this.categoryRepository" is null
	at com.revature.service.CategoryServiceImplementationTest.testGetCategoryById(CategoryServiceImplementationTest.java:101)
</failure>
  </testcase>
  <testcase name="com.revature.service.CategoryServiceImplementationTest.testGetAllActiveCategory" classname="com.revature.service.CategoryServiceImplementationTest" time="0">
    <failure message="Cannot invoke &quot;com.revature.repository.CategoryRepository.findByIsActiveTrue()&quot; because &quot;this.categoryRepository&quot; is null" type="java.lang.NullPointerException">java.lang.NullPointerException: Cannot invoke "com.revature.repository.CategoryRepository.findByIsActiveTrue()" because "this.categoryRepository" is null
	at com.revature.service.CategoryServiceImplementationTest.testGetAllActiveCategory(CategoryServiceImplementationTest.java:123)
</failure>
  </testcase>
  <testcase name="com.revature.service.CategoryServiceImplementationTest.testDeleteCategoryNotFound" classname="com.revature.service.CategoryServiceImplementationTest" time="0">
    <failure message="Cannot invoke &quot;com.revature.repository.CategoryRepository.findById(Object)&quot; because &quot;this.categoryRepository&quot; is null" type="java.lang.NullPointerException">java.lang.NullPointerException: Cannot invoke "com.revature.repository.CategoryRepository.findById(Object)" because "this.categoryRepository" is null
	at com.revature.service.CategoryServiceImplementationTest.testDeleteCategoryNotFound(CategoryServiceImplementationTest.java:88)
</failure>
  </testcase>
  <testcase name="com.revature.service.CategoryServiceImplementationTest.testGetAllCategory" classname="com.revature.service.CategoryServiceImplementationTest" time="0">
    <failure message="Cannot invoke &quot;com.revature.repository.CategoryRepository.findAll()&quot; because &quot;this.categoryRepository&quot; is null" type="java.lang.NullPointerException">java.lang.NullPointerException: Cannot invoke "com.revature.repository.CategoryRepository.findAll()" because "this.categoryRepository" is null
	at com.revature.service.CategoryServiceImplementationTest.testGetAllCategory(CategoryServiceImplementationTest.java:52)
</failure>
  </testcase>
  <testcase name="com.revature.service.CategoryServiceImplementationTest.testExistCategory" classname="com.revature.service.CategoryServiceImplementationTest" time="0">
    <failure message="Cannot invoke &quot;com.revature.repository.CategoryRepository.existsByName(String)&quot; because &quot;this.categoryRepository&quot; is null" type="java.lang.NullPointerException">java.lang.NullPointerException: Cannot invoke "com.revature.repository.CategoryRepository.existsByName(String)" because "this.categoryRepository" is null
	at com.revature.service.CategoryServiceImplementationTest.testExistCategory(CategoryServiceImplementationTest.java:63)
</failure>
  </testcase>
  <testcase name="com.revature.service.CategoryServiceImplementationTest.testDeleteCategory" classname="com.revature.service.CategoryServiceImplementationTest" time="0">
    <failure message="Cannot invoke &quot;com.revature.repository.CategoryRepository.findById(Object)&quot; because &quot;this.categoryRepository&quot; is null" type="java.lang.NullPointerException">java.lang.NullPointerException: Cannot invoke "com.revature.repository.CategoryRepository.findById(Object)" because "this.categoryRepository" is null
	at com.revature.service.CategoryServiceImplementationTest.testDeleteCategory(CategoryServiceImplementationTest.java:75)
</failure>
  </testcase>
  <testcase name="com.revature.service.CategoryServiceImplementationTest.testSaveCategory" classname="com.revature.service.CategoryServiceImplementationTest" time="0">
    <failure message="Cannot invoke &quot;com.revature.repository.CategoryRepository.save(Object)&quot; because &quot;this.categoryRepository&quot; is null" type="java.lang.NullPointerException">java.lang.NullPointerException: Cannot invoke "com.revature.repository.CategoryRepository.save(Object)" because "this.categoryRepository" is null
	at com.revature.service.CategoryServiceImplementationTest.testSaveCategory(CategoryServiceImplementationTest.java:41)
</failure>
  </testcase>
  <testcase name="com.revature.service.CategoryServiceImplementationTest.testGetCategoryByIdNotFound" classname="com.revature.service.CategoryServiceImplementationTest" time="0">
    <failure message="Cannot invoke &quot;com.revature.repository.CategoryRepository.findById(Object)&quot; because &quot;this.categoryRepository&quot; is null" type="java.lang.NullPointerException">java.lang.NullPointerException: Cannot invoke "com.revature.repository.CategoryRepository.findById(Object)" because "this.categoryRepository" is null
	at com.revature.service.CategoryServiceImplementationTest.testGetCategoryByIdNotFound(CategoryServiceImplementationTest.java:112)
</failure>
  </testcase>
  <testcase name="com.revature.service.CategoryServiceImplementationTest.testGetAllCategorPagination" classname="com.revature.service.CategoryServiceImplementationTest" time="0.011">
    <failure message="Cannot invoke &quot;com.revature.repository.CategoryRepository.findAll(org.springframework.data.domain.Pageable)&quot; because &quot;this.categoryRepository&quot; is null" type="java.lang.NullPointerException">java.lang.NullPointerException: Cannot invoke "com.revature.repository.CategoryRepository.findAll(org.springframework.data.domain.Pageable)" because "this.categoryRepository" is null
	at com.revature.service.CategoryServiceImplementationTest.testGetAllCategorPagination(CategoryServiceImplementationTest.java:135)
</failure>
  </testcase>
</testsuite>