<?xml version="1.0" encoding="UTF-8"?>
<testsuite name="com.revature.controller.Controller_AdminTest" time="2.623" tests="18" errors="0" skipped="0" failures="18">
  <properties>
[...]
</properties>
  <testcase name="com.revature.controller.Controller_AdminTest.testSaveCategory_InternalServerError" classname="com.revature.controller.Controller_AdminTest" time="0">
    <failure message="Cannot invoke &quot;com.revature.service.CategoryService.existCategory(String)&quot; because &quot;this.categoryService&quot; is null" type="java.lang.NullPointerException">java.lang.NullPointerException: Cannot invoke "com.revature.service.CategoryService.existCategory(String)" because "this.categoryService" is null
	at com.revature.controller.Controller_AdminTest.testSaveCategory_InternalServerError(Controller_AdminTest.java:143)
</failure>
  </testcase>
  <testcase name="com.revature.controller.Controller_AdminTest.testUpdateUserAccountStatus_Failure" classname="com.revature.controller.Controller_AdminTest" time="0">
    <failure message="Cannot invoke &quot;com.revature.service.UserService.updateAccountStatus(java.lang.Integer, java.lang.Boolean)&quot; because &quot;this.userService&quot; is null" type="java.lang.NullPointerException">java.lang.NullPointerException: Cannot invoke "com.revature.service.UserService.updateAccountStatus(java.lang.Integer, java.lang.Boolean)" because "this.userService" is null
	at com.revature.controller.Controller_AdminTest.testUpdateUserAccountStatus_Failure(Controller_AdminTest.java:395)
</failure>
  </testcase>
  <testcase name="com.revature.controller.Controller_AdminTest.testUpdateUserAccountStatus_Success" classname="com.revature.controller.Controller_AdminTest" time="0">
    <failure message="Cannot invoke &quot;com.revature.service.UserService.updateAccountStatus(java.lang.Integer, java.lang.Boolean)&quot; because &quot;this.userService&quot; is null" type="java.lang.NullPointerException">java.lang.NullPointerException: Cannot invoke "com.revature.service.UserService.updateAccountStatus(java.lang.Integer, java.lang.Boolean)" because "this.userService" is null
	at com.revature.controller.Controller_AdminTest.testUpdateUserAccountStatus_Success(Controller_AdminTest.java:376)
</failure>
  </testcase>
  <testcase name="com.revature.controller.Controller_AdminTest.testSaveCategory_CategoryAlreadyExists" classname="com.revature.controller.Controller_AdminTest" time="0">
    <failure message="Cannot invoke &quot;com.revature.service.CategoryService.existCategory(String)&quot; because &quot;this.categoryService&quot; is null" type="java.lang.NullPointerException">java.lang.NullPointerException: Cannot invoke "com.revature.service.CategoryService.existCategory(String)" because "this.categoryService" is null
	at com.revature.controller.Controller_AdminTest.testSaveCategory_CategoryAlreadyExists(Controller_AdminTest.java:124)
</failure>
  </testcase>
  <testcase name="com.revature.controller.Controller_AdminTest.testSaveProduct_Failure" classname="com.revature.controller.Controller_AdminTest" time="1.935">
    <failure message="Cannot invoke &quot;com.revature.service.ProductService.saveProduct(com.revature.model.Product)&quot; because &quot;this.productService&quot; is null" type="java.lang.NullPointerException">java.lang.NullPointerException: Cannot invoke "com.revature.service.ProductService.saveProduct(com.revature.model.Product)" because "this.productService" is null
	at com.revature.controller.Controller_AdminTest.testSaveProduct_Failure(Controller_AdminTest.java:226)
</failure>
    <system-err><![CDATA[WARNING: A Java agent has been loaded dynamically (C:\Users\shubh\.m2\repository\net\bytebuddy\byte-buddy-agent\1.14.19\byte-buddy-agent-1.14.19.jar)
WARNING: If a serviceability tool is in use, please run with -XX:+EnableDynamicAgentLoading to hide this warning
WARNING: If a serviceability tool is not in use, please run with -Djdk.instrument.traceUsage for more information
WARNING: Dynamic loading of agents will be disallowed by default in a future release
]]></system-err>
  </testcase>
  <testcase name="com.revature.controller.Controller_AdminTest.testDeleteCategory_Success" classname="com.revature.controller.Controller_AdminTest" time="0">
    <failure message="Cannot invoke &quot;com.revature.service.CategoryService.deleteCategory(int)&quot; because &quot;this.categoryService&quot; is null" type="java.lang.NullPointerException">java.lang.NullPointerException: Cannot invoke "com.revature.service.CategoryService.deleteCategory(int)" because "this.categoryService" is null
	at com.revature.controller.Controller_AdminTest.testDeleteCategory_Success(Controller_AdminTest.java:158)
</failure>
  </testcase>
  <testcase name="com.revature.controller.Controller_AdminTest.testUpdateProduct_Success" classname="com.revature.controller.Controller_AdminTest" time="0.001">
    <failure message="Cannot invoke &quot;com.revature.service.ProductService.updateProduct(com.revature.model.Product, org.springframework.web.multipart.MultipartFile)&quot; because &quot;this.productService&quot; is null" type="java.lang.NullPointerException">java.lang.NullPointerException: Cannot invoke "com.revature.service.ProductService.updateProduct(com.revature.model.Product, org.springframework.web.multipart.MultipartFile)" because "this.productService" is null
	at com.revature.controller.Controller_AdminTest.testUpdateProduct_Success(Controller_AdminTest.java:300)
</failure>
  </testcase>
  <testcase name="com.revature.controller.Controller_AdminTest.testDeleteCategory_Failure" classname="com.revature.controller.Controller_AdminTest" time="0">
    <failure message="Cannot invoke &quot;com.revature.service.CategoryService.deleteCategory(int)&quot; because &quot;this.categoryService&quot; is null" type="java.lang.NullPointerException">java.lang.NullPointerException: Cannot invoke "com.revature.service.CategoryService.deleteCategory(int)" because "this.categoryService" is null
	at com.revature.controller.Controller_AdminTest.testDeleteCategory_Failure(Controller_AdminTest.java:172)
</failure>
  </testcase>
  <testcase name="com.revature.controller.Controller_AdminTest.testDeleteProduct_Failure" classname="com.revature.controller.Controller_AdminTest" time="0">
    <failure message="Cannot invoke &quot;com.revature.service.ProductService.deleteProduct(java.lang.Integer)&quot; because &quot;this.productService&quot; is null" type="java.lang.NullPointerException">java.lang.NullPointerException: Cannot invoke "com.revature.service.ProductService.deleteProduct(java.lang.Integer)" because "this.productService" is null
	at com.revature.controller.Controller_AdminTest.testDeleteProduct_Failure(Controller_AdminTest.java:258)
</failure>
  </testcase>
  <testcase name="com.revature.controller.Controller_AdminTest.testLoadAddProduct_Success" classname="com.revature.controller.Controller_AdminTest" time="0.001">
    <failure message="Cannot invoke &quot;com.revature.service.CategoryService.getAllCategory()&quot; because &quot;this.categoryService&quot; is null" type="java.lang.NullPointerException">java.lang.NullPointerException: Cannot invoke "com.revature.service.CategoryService.getAllCategory()" because "this.categoryService" is null
	at com.revature.controller.Controller_AdminTest.testLoadAddProduct_Success(Controller_AdminTest.java:89)
</failure>
  </testcase>
  <testcase name="com.revature.controller.Controller_AdminTest.testGetAllUsers_RoleAdmin" classname="com.revature.controller.Controller_AdminTest" time="0">
    <failure message="Cannot invoke &quot;com.revature.service.UserService.getUsers(String)&quot; because &quot;this.userService&quot; is null" type="java.lang.NullPointerException">java.lang.NullPointerException: Cannot invoke "com.revature.service.UserService.getUsers(String)" because "this.userService" is null
	at com.revature.controller.Controller_AdminTest.testGetAllUsers_RoleAdmin(Controller_AdminTest.java:356)
</failure>
  </testcase>
  <testcase name="com.revature.controller.Controller_AdminTest.testSaveProduct_Success" classname="com.revature.controller.Controller_AdminTest" time="0.001">
    <failure message="Cannot invoke &quot;com.revature.service.ProductService.saveProduct(com.revature.model.Product)&quot; because &quot;this.productService&quot; is null" type="java.lang.NullPointerException">java.lang.NullPointerException: Cannot invoke "com.revature.service.ProductService.saveProduct(com.revature.model.Product)" because "this.productService" is null
	at com.revature.controller.Controller_AdminTest.testSaveProduct_Success(Controller_AdminTest.java:195)
</failure>
  </testcase>
  <testcase name="com.revature.controller.Controller_AdminTest.testDeleteProduct_Success" classname="com.revature.controller.Controller_AdminTest" time="0">
    <failure message="Cannot invoke &quot;com.revature.service.ProductService.deleteProduct(java.lang.Integer)&quot; because &quot;this.productService&quot; is null" type="java.lang.NullPointerException">java.lang.NullPointerException: Cannot invoke "com.revature.service.ProductService.deleteProduct(java.lang.Integer)" because "this.productService" is null
	at com.revature.controller.Controller_AdminTest.testDeleteProduct_Success(Controller_AdminTest.java:242)
</failure>
  </testcase>
  <testcase name="com.revature.controller.Controller_AdminTest.testGetAllUsers_RoleUser" classname="com.revature.controller.Controller_AdminTest" time="0.001">
    <failure message="Cannot invoke &quot;com.revature.service.UserService.getUsers(String)&quot; because &quot;this.userService&quot; is null" type="java.lang.NullPointerException">java.lang.NullPointerException: Cannot invoke "com.revature.service.UserService.getUsers(String)" because "this.userService" is null
	at com.revature.controller.Controller_AdminTest.testGetAllUsers_RoleUser(Controller_AdminTest.java:338)
</failure>
  </testcase>
  <testcase name="com.revature.controller.Controller_AdminTest.testGetAllOrders" classname="com.revature.controller.Controller_AdminTest" time="0.562">
    <failure message="&#10;Misplaced or misused argument matcher detected here:&#10;&#10;-&gt; at com.revature.controller.Controller_AdminTest.testSaveProduct_Failure(Controller_AdminTest.java:226)&#10;-&gt; at com.revature.controller.Controller_AdminTest.testUpdateProduct_Success(Controller_AdminTest.java:300)&#10;-&gt; at com.revature.controller.Controller_AdminTest.testUpdateProduct_Success(Controller_AdminTest.java:300)&#10;-&gt; at com.revature.controller.Controller_AdminTest.testSaveProduct_Success(Controller_AdminTest.java:195)&#10;&#10;You cannot use argument matchers outside of verification or stubbing.&#10;Examples of correct usage of argument matchers:&#10;    when(mock.get(anyInt())).thenReturn(null);&#10;    doThrow(new RuntimeException()).when(mock).someVoidMethod(any());&#10;    verify(mock).someMethod(contains(&quot;foo&quot;))&#10;&#10;This message may appear after an NullPointerException if the last matcher is returning an object &#10;like any() but the stubbed method signature expect a primitive argument, in this case,&#10;use primitive alternatives.&#10;    when(mock.get(any())); // bad use, will raise NPE&#10;    when(mock.get(anyInt())); // correct usage use&#10;&#10;Also, this error might show up because you use argument matchers with methods that cannot be mocked.&#10;Following methods *cannot* be stubbed/verified: final/private/equals()/hashCode().&#10;Mocking methods declared on non-public parent classes is not supported.&#10;" type="org.mockito.exceptions.misusing.InvalidUseOfMatchersException">org.mockito.exceptions.misusing.InvalidUseOfMatchersException: 
Misplaced or misused argument matcher detected here:
-> at com.revature.controller.Controller_AdminTest.testSaveProduct_Failure(Controller_AdminTest.java:226)
-> at com.revature.controller.Controller_AdminTest.testUpdateProduct_Success(Controller_AdminTest.java:300)
-> at com.revature.controller.Controller_AdminTest.testUpdateProduct_Success(Controller_AdminTest.java:300)
-> at com.revature.controller.Controller_AdminTest.testSaveProduct_Success(Controller_AdminTest.java:195)
You cannot use argument matchers outside of verification or stubbing.
Examples of correct usage of argument matchers:
    when(mock.get(anyInt())).thenReturn(null);
    doThrow(new RuntimeException()).when(mock).someVoidMethod(any());
    verify(mock).someMethod(contains("foo"))
This message may appear after an NullPointerException if the last matcher is returning an object 
like any() but the stubbed method signature expect a primitive argument, in this case,
use primitive alternatives.
    when(mock.get(any())); // bad use, will raise NPE
    when(mock.get(anyInt())); // correct usage use
Also, this error might show up because you use argument matchers with methods that cannot be mocked.
Following methods *cannot* be stubbed/verified: final/private/equals()/hashCode().
Mocking methods declared on non-public parent classes is not supported.

	at com.revature.controller.Controller_AdminTest.testGetAllOrders(Controller_AdminTest.java:412)
</failure>
  </testcase>
  <testcase name="com.revature.controller.Controller_AdminTest.testEditProduct" classname="com.revature.controller.Controller_AdminTest" time="0.001">
    <failure message="Cannot invoke &quot;com.revature.service.ProductService.getProductById(java.lang.Integer)&quot; because &quot;this.productService&quot; is null" type="java.lang.NullPointerException">java.lang.NullPointerException: Cannot invoke "com.revature.service.ProductService.getProductById(java.lang.Integer)" because "this.productService" is null
	at com.revature.controller.Controller_AdminTest.testEditProduct(Controller_AdminTest.java:275)
</failure>
  </testcase>
  <testcase name="com.revature.controller.Controller_AdminTest.testLoadAddProduct_NoCategories" classname="com.revature.controller.Controller_AdminTest" time="0.001">
    <failure message="Cannot invoke &quot;com.revature.service.CategoryService.getAllCategory()&quot; because &quot;this.categoryService&quot; is null" type="java.lang.NullPointerException">java.lang.NullPointerException: Cannot invoke "com.revature.service.CategoryService.getAllCategory()" because "this.categoryService" is null
	at com.revature.controller.Controller_AdminTest.testLoadAddProduct_NoCategories(Controller_AdminTest.java:103)
</failure>
  </testcase>
  <testcase name="com.revature.controller.Controller_AdminTest.testUpdateProduct_InvalidDiscount" classname="com.revature.controller.Controller_AdminTest" time="0.12">
    <failure message="Cannot invoke &quot;com.revature.controller.Controller_Admin.updateProduct(com.revature.model.Product, org.springframework.web.multipart.MultipartFile, jakarta.servlet.http.HttpSession, org.springframework.ui.Model)&quot; because &quot;this.adminController&quot; is null" type="java.lang.NullPointerException">java.lang.NullPointerException: Cannot invoke "com.revature.controller.Controller_Admin.updateProduct(com.revature.model.Product, org.springframework.web.multipart.MultipartFile, jakarta.servlet.http.HttpSession, org.springframework.ui.Model)" because "this.adminController" is null
	at com.revature.controller.Controller_AdminTest.testUpdateProduct_InvalidDiscount(Controller_AdminTest.java:326)
</failure>
  </testcase>
</testsuite>