<?xml version="1.0" encoding="UTF-8"?>
<testsuite name="com.revature.controller.Controller_HomeTest" time="0.235" tests="7" errors="0" skipped="0" failures="7">
  <properties>
[...]
</properties>
  <testcase name="com.revature.controller.Controller_HomeTest.testSaveReview_Failure_ProductOrUserNotFound" classname="com.revature.controller.Controller_HomeTest" time="0">
    <failure message="Cannot invoke &quot;com.revature.service.ProductService.getProductById(java.lang.Integer)&quot; because &quot;this.productService&quot; is null" type="java.lang.NullPointerException">java.lang.NullPointerException: Cannot invoke "com.revature.service.ProductService.getProductById(java.lang.Integer)" because "this.productService" is null
	at com.revature.controller.Controller_HomeTest.testSaveReview_Failure_ProductOrUserNotFound(Controller_HomeTest.java:218)
</failure>
  </testcase>
  <testcase name="com.revature.controller.Controller_HomeTest.testIndex_Failure_EmptyCategoriesAndProducts" classname="com.revature.controller.Controller_HomeTest" time="0">
    <failure message="Cannot invoke &quot;com.revature.service.CategoryService.getAllActiveCategory()&quot; because &quot;this.categoryService&quot; is null" type="java.lang.NullPointerException">java.lang.NullPointerException: Cannot invoke "com.revature.service.CategoryService.getAllActiveCategory()" because "this.categoryService" is null
	at com.revature.controller.Controller_HomeTest.testIndex_Failure_EmptyCategoriesAndProducts(Controller_HomeTest.java:173)
</failure>
  </testcase>
  <testcase name="com.revature.controller.Controller_HomeTest.testProcessForgotPassword_InvalidEmail" classname="com.revature.controller.Controller_HomeTest" time="0">
    <failure message="Cannot invoke &quot;com.revature.service.UserService.getUserByEmail(String)&quot; because &quot;this.userService&quot; is null" type="java.lang.NullPointerException">java.lang.NullPointerException: Cannot invoke "com.revature.service.UserService.getUserByEmail(String)" because "this.userService" is null
	at com.revature.controller.Controller_HomeTest.testProcessForgotPassword_InvalidEmail(Controller_HomeTest.java:241)
</failure>
  </testcase>
  <testcase name="com.revature.controller.Controller_HomeTest.testGetUserDetails_Success" classname="com.revature.controller.Controller_HomeTest" time="0.234">
    <failure message="Cannot invoke &quot;com.revature.service.UserService.getUserByEmail(String)&quot; because &quot;this.userService&quot; is null" type="java.lang.NullPointerException">java.lang.NullPointerException: Cannot invoke "com.revature.service.UserService.getUserByEmail(String)" because "this.userService" is null
	at com.revature.controller.Controller_HomeTest.testGetUserDetails_Success(Controller_HomeTest.java:90)
</failure>
  </testcase>
  <testcase name="com.revature.controller.Controller_HomeTest.testGetUserDetails_Failure" classname="com.revature.controller.Controller_HomeTest" time="0">
    <failure message="Cannot invoke &quot;com.revature.service.CategoryService.getAllActiveCategory()&quot; because &quot;this.categoryService&quot; is null" type="java.lang.NullPointerException">java.lang.NullPointerException: Cannot invoke "com.revature.service.CategoryService.getAllActiveCategory()" because "this.categoryService" is null
	at com.revature.controller.Controller_HomeTest.testGetUserDetails_Failure(Controller_HomeTest.java:118)
</failure>
  </testcase>
  <testcase name="com.revature.controller.Controller_HomeTest.testSaveReview_Success" classname="com.revature.controller.Controller_HomeTest" time="0">
    <failure message="Cannot invoke &quot;com.revature.service.ProductService.getProductById(java.lang.Integer)&quot; because &quot;this.productService&quot; is null" type="java.lang.NullPointerException">java.lang.NullPointerException: Cannot invoke "com.revature.service.ProductService.getProductById(java.lang.Integer)" because "this.productService" is null
	at com.revature.controller.Controller_HomeTest.testSaveReview_Success(Controller_HomeTest.java:201)
</failure>
  </testcase>
  <testcase name="com.revature.controller.Controller_HomeTest.testIndex_Success" classname="com.revature.controller.Controller_HomeTest" time="0.001">
    <failure message="Cannot invoke &quot;com.revature.service.CategoryService.getAllActiveCategory()&quot; because &quot;this.categoryService&quot; is null" type="java.lang.NullPointerException">java.lang.NullPointerException: Cannot invoke "com.revature.service.CategoryService.getAllActiveCategory()" because "this.categoryService" is null
	at com.revature.controller.Controller_HomeTest.testIndex_Success(Controller_HomeTest.java:144)
</failure>
  </testcase>
</testsuite>