<?xml version="1.0" encoding="UTF-8"?>
<testsuite name="com.revature.controller.Controller_HomeTest" time="0.235" tests="7" errors="0" skipped="0" failures="7">
  <properties>
    <property name="jansi.mode" value="force"/>
    <property name="java.runtime.name" value="Java(TM) SE Runtime Environment"/>
    <property name="java.vm.version" value="21.0.2+13-LTS-58"/>
    <property name="sun.boot.library.path" value="C:\Program Files\Java\jdk-21\bin"/>
    <property name="maven.multiModuleProjectDirectory" value="D:\RevMart-1"/>
    <property name="java.vm.vendor" value="Oracle Corporation"/>
    <property name="java.vendor.url" value="https://java.oracle.com/"/>
    <property name="guice.disable.misplaced.annotation.check" value="true"/>
    <property name="path.separator" value=";"/>
    <property name="java.vm.name" value="Java HotSpot(TM) 64-Bit Server VM"/>
    <property name="sun.os.patch.level" value=""/>
    <property name="user.script" value=""/>
    <property name="user.country" value="IN"/>
    <property name="sun.java.launcher" value="SUN_STANDARD"/>
    <property name="java.vm.specification.name" value="Java Virtual Machine Specification"/>
    <property name="user.dir" value="D:\RevMart-1"/>
    <property name="java.vm.compressedOopsMode" value="32-bit"/>
    <property name="java.runtime.version" value="21.0.2+13-LTS-58"/>
    <property name="os.arch" value="amd64"/>
    <property name="java.io.tmpdir" value="C:\Users\shubh\AppData\Local\Temp\"/>
    <property name="line.separator" value="&#10;"/>
    <property name="java.vm.specification.vendor" value="Oracle Corporation"/>
    <property name="user.variant" value=""/>
    <property name="stderr.encoding" value="UTF-8"/>
    <property name="os.name" value="Windows 11"/>
    <property name="classworlds.conf" value="D:\RevMart\.metadata\.plugins\org.eclipse.m2e.launching\launches\m2conf4706089207133663593.tmp"/>
    <property name="sun.jnu.encoding" value="Cp1252"/>
    <property name="stdout.encoding" value="UTF-8"/>
    <property name="java.library.path" value="C:\Program Files\Java\jdk-21\bin;C:\WINDOWS\Sun\Java\bin;C:\WINDOWS\system32;C:\WINDOWS;C:\Program Files\Common Files\Oracle\Java\javapath;C:\Program Files (x86)\VMware\VMware Player\bin\;C:\ProgramData\Oracle\Java\javapath;C:\Windows\system32;C:\Windows;C:\Windows\System32\Wbem;C:\Windows\System32\WindowsPowerShell\v1.0\;C:\Windows\System32\OpenSSH\;C:\Program Files (x86)\NVIDIA Corporation\PhysX\Common;C:\Program Files\NVIDIA Corporation\NVIDIA NvDLISR;C:\TDM-GCC-32\bin;C:\Program Files\Microsoft SQL Server\120\Tools\Binn\;C:\Program Files\Common Files\Autodesk Shared\;C:\WINDOWS\system32;C:\WINDOWS;C:\WINDOWS\System32\Wbem;C:\WINDOWS\System32\WindowsPowerShell\v1.0\;C:\WINDOWS\System32\OpenSSH\;C:\Program Files\Java\jdk1.8.0_311\bin;C:\xampp\php;C:\ProgramData\ComposerSetup\bin;C:\Windows\System32;C:\Program Files\nodejs\;C:\Program Files\Docker\Docker\resources\bin;C:\Program Files\MySQL\MySQL Server 8.0\bin;C:\Program Files\Git\cmd;D:\Downloads\apache-maven-3.9.8-bin\apache-maven-3.9.8\bin;C:\Users\shubh\AppData\Local\Programs\Python\Python39\Scripts\;C:\Users\shubh\AppData\Local\Programs\Python\Python39\;C:\MinGW\bin;C:\Users\shubh\AppData\Local\Microsoft\WindowsApps;C:\laragon\bin;C:\Users\shubh\AppData\Roaming\Composer\vendor\bin;C:\Users\shubh\AppData\Local\GitHubDesktop\bin;C:\Users\shubh\AppData\Roaming\npm;C:\Program Files\MongoDB\Server\6.0\bin;C:\Users\shubh\AppData\Local\Programs\mongosh\;C:\Users\shubh\AppData\Local\Programs\mongosh;C:\Users\shubh\AppData\Local\Programs\Microsoft VS Code\bin;;C:\Program Files\JetBrains\IntelliJ IDEA Community Edition 2023.3.4\bin;;."/>
    <property name="jdk.debug" value="release"/>
    <property name="java.class.version" value="65.0"/>
    <property name="java.specification.name" value="Java Platform API Specification"/>
    <property name="sun.management.compiler" value="HotSpot 64-Bit Tiered Compilers"/>
    <property name="os.version" value="10.0"/>
    <property name="user.home" value="C:\Users\shubh"/>
    <property name="user.timezone" value="Asia/Calcutta"/>
    <property name="file.encoding" value="UTF-8"/>
    <property name="java.specification.version" value="21"/>
    <property name="user.name" value="shubh"/>
    <property name="java.class.path" value="C:\Users\shubh\.p2\pool\plugins\org.eclipse.m2e.maven.runtime_3.9.700.20240602-2313\jars\plexus-classworlds-2.8.0.jar"/>
    <property name="java.vm.specification.version" value="21"/>
    <property name="sun.arch.data.model" value="64"/>
    <property name="sun.java.command" value="org.codehaus.plexus.classworlds.launcher.Launcher -Ppom.xml -B -Dstyle.color=always clean install"/>
    <property name="java.home" value="C:\Program Files\Java\jdk-21"/>
    <property name="user.language" value="en"/>
    <property name="java.specification.vendor" value="Oracle Corporation"/>
    <property name="java.vm.info" value="mixed mode, sharing"/>
    <property name="java.version" value="21.0.2"/>
    <property name="native.encoding" value="Cp1252"/>
    <property name="java.vendor" value="Oracle Corporation"/>
    <property name="maven.home" value="D:\RevMart-1\EMBEDDED"/>
    <property name="style.color" value="always"/>
    <property name="file.separator" value="\"/>
    <property name="java.version.date" value="2024-01-16"/>
    <property name="java.vendor.url.bug" value="https://bugreport.java.com/bugreport/"/>
    <property name="sun.io.unicode.encoding" value="UnicodeLittle"/>
    <property name="sun.cpu.endian" value="little"/>
    <property name="m2e.build.project.data.socket.port" value="56997"/>
    <property name="sun.cpu.isalist" value="amd64"/>
  </properties>
  <testcase name="com.revature.controller.Controller_HomeTest.testSaveReview_Failure_ProductOrUserNotFound" classname="com.revature.controller.Controller_HomeTest" time="0">
    <failure message="Cannot invoke &quot;com.revature.service.ProductService.getProductById(java.lang.Integer)&quot; because &quot;this.productService&quot; is null" type="java.lang.NullPointerException">java.lang.NullPointerException: Cannot invoke "com.revature.service.ProductService.getProductById(java.lang.Integer)" because "this.productService" is null
	at com.revature.controller.Controller_HomeTest.testSaveReview_Failure_ProductOrUserNotFound(Controller_HomeTest.java:218)
</failure>
  </testcase>
  <testcase name="com.revature.controller.Controller_HomeTest.testIndex_Failure_EmptyCategoriesAndProducts" classname="com.revature.controller.Controller_HomeTest" time="0">
    <failure message="Cannot invoke &quot;com.revature.service.CategoryService.getAllActiveCategory()&quot; because &quot;this.categoryService&quot; is null" type="java.lang.NullPointerException">java.lang.NullPointerException: Cannot invoke "com.revature.service.CategoryService.getAllActiveCategory()" because "this.categoryService" is null
	at com.revature.controller.Controller_HomeTest.testIndex_Failure_EmptyCategoriesAndProducts(Controller_HomeTest.java:173)
</failure>
  </testcase>
  <testcase name="com.revature.controller.Controller_HomeTest.testProcessForgotPassword_InvalidEmail" classname="com.revature.controller.Controller_HomeTest" time="0">
    <failure message="Cannot invoke &quot;com.revature.service.UserService.getUserByEmail(String)&quot; because &quot;this.userService&quot; is null" type="java.lang.NullPointerException">java.lang.NullPointerException: Cannot invoke "com.revature.service.UserService.getUserByEmail(String)" because "this.userService" is null
	at com.revature.controller.Controller_HomeTest.testProcessForgotPassword_InvalidEmail(Controller_HomeTest.java:241)
</failure>
  </testcase>
  <testcase name="com.revature.controller.Controller_HomeTest.testGetUserDetails_Success" classname="com.revature.controller.Controller_HomeTest" time="0.234">
    <failure message="Cannot invoke &quot;com.revature.service.UserService.getUserByEmail(String)&quot; because &quot;this.userService&quot; is null" type="java.lang.NullPointerException">java.lang.NullPointerException: Cannot invoke "com.revature.service.UserService.getUserByEmail(String)" because "this.userService" is null
	at com.revature.controller.Controller_HomeTest.testGetUserDetails_Success(Controller_HomeTest.java:90)
</failure>
  </testcase>
  <testcase name="com.revature.controller.Controller_HomeTest.testGetUserDetails_Failure" classname="com.revature.controller.Controller_HomeTest" time="0">
    <failure message="Cannot invoke &quot;com.revature.service.CategoryService.getAllActiveCategory()&quot; because &quot;this.categoryService&quot; is null" type="java.lang.NullPointerException">java.lang.NullPointerException: Cannot invoke "com.revature.service.CategoryService.getAllActiveCategory()" because "this.categoryService" is null
	at com.revature.controller.Controller_HomeTest.testGetUserDetails_Failure(Controller_HomeTest.java:118)
</failure>
  </testcase>
  <testcase name="com.revature.controller.Controller_HomeTest.testSaveReview_Success" classname="com.revature.controller.Controller_HomeTest" time="0">
    <failure message="Cannot invoke &quot;com.revature.service.ProductService.getProductById(java.lang.Integer)&quot; because &quot;this.productService&quot; is null" type="java.lang.NullPointerException">java.lang.NullPointerException: Cannot invoke "com.revature.service.ProductService.getProductById(java.lang.Integer)" because "this.productService" is null
	at com.revature.controller.Controller_HomeTest.testSaveReview_Success(Controller_HomeTest.java:201)
</failure>
  </testcase>
  <testcase name="com.revature.controller.Controller_HomeTest.testIndex_Success" classname="com.revature.controller.Controller_HomeTest" time="0.001">
    <failure message="Cannot invoke &quot;com.revature.service.CategoryService.getAllActiveCategory()&quot; because &quot;this.categoryService&quot; is null" type="java.lang.NullPointerException">java.lang.NullPointerException: Cannot invoke "com.revature.service.CategoryService.getAllActiveCategory()" because "this.categoryService" is null
	at com.revature.controller.Controller_HomeTest.testIndex_Success(Controller_HomeTest.java:144)
</failure>
  </testcase>
</testsuite>